2023-02-22 09:11:58,334 [INFO] from play.api.http.EnabledFilters in play-dev-mode-akka.actor.default-dispatcher-11 - Enabled Filters (see <https://www.playframework.com/documentation/latest/Filters>):

    play.filters.csrf.CSRFFilter
    play.filters.headers.SecurityHeadersFilter
    play.filters.hosts.AllowedHostsFilter

2023-02-22 09:11:58,454 [INFO] from play.api.Play in play-dev-mode-akka.actor.default-dispatcher-11 - Application started (Dev) (no global state)
2023-02-22 09:14:09,748 [ERROR] from play.api.http.DefaultHttpErrorHandler in application-akka.actor.default-dispatcher-7 - 

! @80klk9g7c - Internal server error, for (GET) [/books/create] ->
 
play.api.http.HttpErrorHandlerExceptions$$anon$1: Execution exception[[NullPointerException: null]]
	at play.api.http.HttpErrorHandlerExceptions$.$anonfun$convertToPlayException$2(HttpErrorHandler.scala:381)
	at scala.Option.map(Option.scala:242)
	at play.api.http.HttpErrorHandlerExceptions$.convertToPlayException(HttpErrorHandler.scala:380)
	at play.api.http.HttpErrorHandlerExceptions$.throwableToUsefulException(HttpErrorHandler.scala:373)
	at play.api.http.DefaultHttpErrorHandler.onServerError(HttpErrorHandler.scala:264)
	at play.core.server.AkkaHttpServer$$anonfun$2.applyOrElse(AkkaHttpServer.scala:441)
	at play.core.server.AkkaHttpServer$$anonfun$2.applyOrElse(AkkaHttpServer.scala:433)
	at scala.concurrent.impl.Promise$Transformation.run(Promise.scala:490)
	at akka.dispatch.BatchingExecutor$AbstractBatch.processBatch(BatchingExecutor.scala:63)
	at akka.dispatch.BatchingExecutor$BlockableBatch.$anonfun$run$1(BatchingExecutor.scala:100)
	at scala.runtime.java8.JFunction0$mcV$sp.apply(JFunction0$mcV$sp.scala:18)
	at scala.concurrent.BlockContext$.withBlockContext(BlockContext.scala:94)
	at akka.dispatch.BatchingExecutor$BlockableBatch.run(BatchingExecutor.scala:100)
	at akka.dispatch.TaskInvocation.run(AbstractDispatcher.scala:49)
	at akka.dispatch.ForkJoinExecutorConfigurator$AkkaForkJoinTask.exec(ForkJoinExecutorConfigurator.scala:48)
	at java.util.concurrent.ForkJoinTask.doExec(Unknown Source)
	at java.util.concurrent.ForkJoinPool$WorkQueue.runTask(Unknown Source)
	at java.util.concurrent.ForkJoinPool.runWorker(Unknown Source)
	at java.util.concurrent.ForkJoinWorkerThread.run(Unknown Source)
Caused by: java.lang.NullPointerException: null
	at controllers.BooksController.create(BooksController.java:34)
	at router.Routes$$anonfun$routes$1.$anonfun$applyOrElse$5(Routes.scala:218)
	at play.core.routing.HandlerInvokerFactory$$anon$8.resultCall(HandlerInvoker.scala:150)
	at play.core.routing.HandlerInvokerFactory$$anon$8.resultCall(HandlerInvoker.scala:149)
	at play.core.routing.HandlerInvokerFactory$JavaActionInvokerFactory$$anon$3$$anon$4$$anon$5.invocation(HandlerInvoker.scala:115)
	at play.core.j.JavaAction$$anon$1.call(JavaAction.scala:119)
	at play.http.DefaultActionCreator$1.call(DefaultActionCreator.java:33)
	at play.core.j.JavaAction.$anonfun$apply$8(JavaAction.scala:175)
	at scala.concurrent.Future$.$anonfun$apply$1(Future.scala:678)
	at scala.concurrent.impl.Promise$Transformation.run(Promise.scala:467)
	at play.core.j.HttpExecutionContext.$anonfun$execute$1(HttpExecutionContext.scala:64)
	at play.api.libs.streams.Execution$trampoline$.execute(Execution.scala:70)
	at play.core.j.HttpExecutionContext.execute(HttpExecutionContext.scala:59)
	at scala.concurrent.impl.Promise$Transformation.submitWithValue(Promise.scala:429)
	at scala.concurrent.impl.Promise$DefaultPromise.submitWithValue(Promise.scala:338)
	at scala.concurrent.impl.Promise$DefaultPromise.dispatchOrAddCallbacks(Promise.scala:312)
	at scala.concurrent.impl.Promise$DefaultPromise.map(Promise.scala:182)
	at scala.concurrent.Future$.apply(Future.scala:678)
	at play.core.j.JavaAction.apply(JavaAction.scala:176)
	at play.api.mvc.Action.$anonfun$apply$4(Action.scala:82)
	at play.api.libs.streams.StrictAccumulator.$anonfun$mapFuture$4(Accumulator.scala:168)
	at scala.util.Try$.apply(Try.scala:210)
	at play.api.libs.streams.StrictAccumulator.$anonfun$mapFuture$3(Accumulator.scala:168)
	at scala.Function1.$anonfun$andThen$1(Function1.scala:87)
	at scala.Function1.$anonfun$andThen$1(Function1.scala:87)
	at scala.Function1.$anonfun$andThen$1(Function1.scala:87)
	at play.api.libs.streams.StrictAccumulator.run(Accumulator.scala:199)
	at play.core.server.AkkaHttpServer.$anonfun$runAction$4(AkkaHttpServer.scala:428)
	at akka.http.scaladsl.util.FastFuture$.strictTransform$1(FastFuture.scala:41)
	at akka.http.scaladsl.util.FastFuture$.$anonfun$transformWith$3(FastFuture.scala:51)
	at scala.concurrent.impl.Promise$Transformation.run(Promise.scala:484)
	... 11 common frames omitted
2023-02-22 09:24:37,268 [INFO] from play.api.internal.libs.concurrent.CoordinatedShutdownSupport in pool-7-thread-2 - Starting synchronous coordinated shutdown with ServerStoppedReason reason and 35000 milliseconds timeout
2023-02-22 09:24:37,291 [INFO] from play.core.server.AkkaHttpServer in pool-7-thread-2 - Stopping Akka HTTP server...
2023-02-22 09:24:37,311 [INFO] from play.core.server.AkkaHttpServer in play-dev-mode-akka.actor.internal-dispatcher-29 - Terminating server binding for /0:0:0:0:0:0:0:0:9000
2023-02-22 09:24:37,421 [INFO] from play.core.server.AkkaHttpServer in play-dev-mode-akka.actor.internal-dispatcher-31 - Running provided shutdown stop hooks
